<?xml version="1.0" encoding="UTF-8"?>
<!-- Generated by org.testng.reporters.JUnitXMLReporter -->
<testsuite ignored="1" hostname="Roushan" failures="0" tests="1" name="SingleGroupTest" time="0.228" errors="0" timestamp="2024-12-30T00:33:55 IST">
  <testcase classname="Selenium.test.submitOrderTest" name="SubmitOrder" time="0.0">
    <skipped/>
  </testcase> <!-- SubmitOrder -->
  <testcase classname="Selenium.test.submitOrderTest" name="varifyOrderDisplay" time="0.0">
    <ignored/>
  </testcase> <!-- varifyOrderDisplay -->
</testsuite> <!-- SingleGroupTest -->
