<?xml version="1.0" encoding="UTF-8"?>
<!-- Generated by org.testng.reporters.JUnitXMLReporter -->
<testsuite ignored="0" hostname="Roushan" failures="0" tests="4" name="submitOrderTest" time="24.485" errors="0" timestamp="2025-01-09T02:36:29 IST">
  <testcase classname="Selenium.test.submitOrderTest" name="SubmitOrder" time="5.312"/>
  <testcase classname="Selenium.test.submitOrderTest" name="SubmitOrder" time="5.3"/>
  <testcase classname="Selenium.test.submitOrderTest" name="varifyOrderDisplay" time="2.617"/>
  <testcase classname="Selenium.test.submitOrderTest" name="varifyOrderDisplay" time="2.859"/>
</testsuite> <!-- submitOrderTest -->
